{"level":"info","message":"DB created!"}
{"level":"info","message":"Database COnnected"}
{"level":"error","message":"ER_PARSE_ERROR: You have an error in your SQL syntax; check the manual that corresponds to your MySQL server version for the right syntax to use near 'NUL,\n    created_on TIMESTAMP(6) NOT NULL DEFAULT CURRENT_TIMESTAMP(6)\n)' at line 8"}
{"level":"info","message":"Database Connected"}
{"level":"info","message":"Table users created!"}
{"level":"info","message":"Database Connected"}
{"level":"info","message":"Table users created!"}
{"level":"info","message":"Database Connected"}
{"level":"info","message":"Database Connected"}
{"level":"info","message":"Database Connected"}
{"level":"info","message":"Database Connected"}
{"level":"info","message":"Database Connected"}
{"level":"info","message":"Database Connected"}
{"level":"info","message":"Database Connected"}
{"level":"info","message":"Database Connected"}
{"level":"info","message":"Database Connected"}
{"level":"info","message":"Database Connected"}
{"level":"info","message":"Database Connected"}
{"level":"info","message":"Database Connected"}
{"level":"info","message":"Database Connected"}
{"level":"info","message":"Database Connected"}
{"level":"info","message":"Database Connected"}
{"level":"info","message":"Database Connected"}
{"level":"info","message":"Database Connected"}
{"level":"info","message":"Database Connected"}
{"level":"info","message":"Database Connected"}
{"level":"info","message":"Database Connected"}
{"level":"info","message":"Database Connected"}
{"level":"error","message":"ER_PARSE_ERROR: You have an error in your SQL syntax; check the manual that corresponds to your MySQL server version for the right syntax to use near ','0184625941', 'sea na location', NOW())' at line 1"}
{"level":"info","message":"Database Connected"}
{"level":"info","message":"Database Connected"}
{"level":"info","message":"Database Connected"}
{"level":"info","message":"Database Connected"}
{"level":"info","message":"Database Connected"}
{"level":"info","message":"Database Connected"}
{"level":"info","message":"Database Connected"}
{"level":"info","message":"Database Connected"}
{"level":"info","message":"Database Connected"}
{"level":"info","message":"Database Connected"}
{"level":"info","message":"Database Connected"}
{"level":"info","message":"Database Connected"}
{"level":"info","message":"Database Connected"}
{"level":"info","message":"Database Connected"}
{"level":"info","message":"Database Connected"}
{"level":"info","message":"Database Connected"}
{"level":"info","message":"Database Connected"}
{"level":"info","message":"Database Connected"}
{"level":"info","message":"Database Connected"}
{"level":"info","message":"Database Connected"}
{"level":"error","message":"ER_PARSE_ERROR: You have an error in your SQL syntax; check the manual that corresponds to your MySQL server version for the right syntax to use near ', '0184625941', 'sea na location', NOW())' at line 1"}
{"level":"info","message":"Database Connected"}
{"level":"info","message":"Database Connected"}
{"level":"info","message":"Database Connected"}
{"level":"info","message":"Database Connected"}
{"level":"info","message":"Database Connected"}
{"level":"info","message":"Database Connected"}
{"level":"info","message":"Database Connected"}
{"level":"info","message":"Database Connected"}
{"level":"info","message":"Database Connected"}
{"level":"info","message":"Database Connected"}
{"level":"info","message":"Database Connected"}
{"level":"error","message":"ER_DUP_ENTRY: Duplicate entry 'wild@gmail.com' for key 'users.email'"}
{"level":"info","message":"Database Connected"}
{"level":"info","message":"Database Connected"}
{"level":"info","message":"Database Connected"}
{"level":"info","message":"Database Connected"}
{"level":"info","message":"Database Connected"}
{"level":"info","message":"Database Connected"}
{"level":"info","message":"Database Connected"}
{"level":"info","message":"Database Connected"}
{"level":"info","message":"Database Connected"}
{"level":"info","message":"Database Connected"}
{"level":"info","message":"Database Connected"}
{"level":"info","message":"Database Connected"}
{"level":"info","message":"Database Connected"}
{"level":"info","message":"Database Connected"}
{"level":"error","message":"ER_DUP_ENTRY: Duplicate entry 'wild@gmail.com' for key 'users.email'"}
{"level":"info","message":"Database Connected"}
{"level":"info","message":"Database Connected"}
{"level":"error","message":"ER_DUP_ENTRY: Duplicate entry 'wild@gmail.com' for key 'users.email'"}
{"level":"info","message":"Database Connected"}
{"level":"info","message":"Database Connected"}
{"level":"info","message":"Database Connected"}
{"level":"info","message":"Database Connected"}
{"level":"error","message":"ER_DUP_ENTRY: Duplicate entry 'wild@gmail.com' for key 'users.email'"}
{"level":"info","message":"Database Connected"}
{"level":"info","message":"Database Connected"}
{"level":"info","message":"Database Connected"}
{"level":"info","message":"Database Connected"}
{"level":"info","message":"Database Connected"}
{"level":"info","message":"Database Connected"}
{"level":"info","message":"Database Connected"}
{"level":"info","message":"Database Connected"}
{"level":"info","message":"Database Connected"}
{"level":"info","message":"Database Connected"}
{"level":"info","message":"Database Connected"}
{"level":"info","message":"Database Connected"}
{"level":"info","message":"Database Connected"}
{"level":"info","message":"Database Connected"}
{"level":"info","message":"Database Connected"}
{"level":"info","message":"Database Connected"}
{"level":"info","message":"Database Connected"}
{"level":"info","message":"Database Connected"}
{"level":"info","message":"Database Connected"}
{"level":"info","message":"Database Connected"}
{"level":"info","message":"Database Connected"}
{"level":"info","message":"Database Connected"}
{"level":"info","message":"Database Connected"}
{"level":"info","message":"Database Connected"}
{"level":"info","message":"Database Connected"}
{"level":"info","message":"Database Connected"}
{"level":"info","message":"Database Connected"}
{"level":"info","message":"Database Connected"}
{"level":"info","message":"Database Connected"}
{"level":"error","message":"ER_DUP_ENTRY: Duplicate entry 'wild@gmail.com' for key 'users.email'"}
{"level":"info","message":"Database Connected"}
{"level":"info","message":"Database Connected"}
{"level":"info","message":"Database Connected"}
{"level":"error","message":"ER_DUP_ENTRY: Duplicate entry 'wild@gmail.com' for key 'users.email'"}
{"level":"info","message":"Database Connected"}
{"level":"info","message":"Database Connected"}
{"level":"info","message":"Database Connected"}
{"level":"error","message":"ER_DUP_ENTRY: Duplicate entry 'wild@gmail.com' for key 'users.email'"}
{"level":"info","message":"Database Connected"}
{"level":"info","message":"Database Connected"}
{"level":"info","message":"Database Connected"}
{"level":"error","message":"ER_DUP_ENTRY: Duplicate entry 'wild@gmail.com' for key 'users.email'"}
{"level":"info","message":"Database Connected"}
{"level":"info","message":"Database Connected"}
{"level":"error","message":"ER_DUP_ENTRY: Duplicate entry 'wild2@gmail.com' for key 'users.email'"}
{"level":"info","message":"Database Connected"}
{"level":"info","message":"Database Connected"}
{"level":"error","message":"ER_DUP_ENTRY: Duplicate entry 'wild2@gmail.com' for key 'users.email'"}
{"level":"info","message":"Database Connected"}
{"level":"info","message":"Database Connected"}
{"level":"error","message":"ER_DUP_ENTRY: Duplicate entry 'wild2@gmail.com' for key 'users.email'"}
{"level":"info","message":"Database Connected"}
{"level":"error","message":"ER_DUP_ENTRY: Duplicate entry 'wild2@gmail.com' for key 'users.email'"}
{"level":"info","message":"Database Connected"}
{"level":"info","message":"Database Connected"}
{"level":"error","message":"ER_DUP_ENTRY: Duplicate entry 'wild2@gmail.com' for key 'users.email'"}
{"level":"info","message":"Database Connected"}
{"level":"info","message":"Database Connected"}
{"level":"error","message":"ER_DUP_ENTRY: Duplicate entry 'wild2@gmail.com' for key 'users.email'"}
{"level":"info","message":"Database Connected"}
{"level":"info","message":"Database Connected"}
{"level":"info","message":"Database Connected"}
{"level":"info","message":"Database Connected"}
{"level":"info","message":"Database Connected"}
{"level":"info","message":"Database Connected"}
{"level":"info","message":"Database Connected"}
{"level":"info","message":"Database Connected"}
{"level":"info","message":"Database Connected"}
{"level":"info","message":"Database Connected"}
{"level":"info","message":"Database Connected"}
{"level":"info","message":"Database Connected"}
{"level":"info","message":"Database Connected"}
{"level":"info","message":"Database Connected"}
{"level":"info","message":"Database Connected"}
{"level":"info","message":"Database Connected"}
{"level":"info","message":"Database Connected"}
{"level":"info","message":"Database Connected"}
{"level":"info","message":"Database Connected"}
{"level":"info","message":"Database Connected"}
{"level":"info","message":"Database Connected"}
{"level":"info","message":"Database Connected"}
{"level":"info","message":"Database Connected"}
{"level":"info","message":"Database Connected"}
{"level":"info","message":"Database Connected"}
